TN:
SF:app.ts
FNF:0
FNH:0
DA:1,1
DA:2,1
DA:3,1
DA:4,1
DA:5,1
DA:6,1
DA:7,1
DA:8,1
DA:9,1
DA:10,1
DA:11,1
DA:12,1
DA:13,1
LF:13
LH:13
BRF:0
BRH:0
end_of_record
TN:
SF:socket.ts
FN:8,isLogin
FN:36,sendMessage
FNF:2
FNH:1
FNDA:0,isLogin
FNDA:1,sendMessage
DA:1,1
DA:2,1
DA:3,1
DA:4,1
DA:5,1
DA:6,1
DA:7,1
DA:8,1
DA:9,0
DA:10,0
DA:11,0
DA:12,0
DA:13,0
DA:14,0
DA:15,1
DA:16,1
DA:17,1
DA:18,1
DA:19,1
DA:20,1
DA:21,1
DA:22,1
DA:23,1
DA:24,1
DA:25,1
DA:26,1
DA:27,0
DA:28,0
DA:29,0
DA:30,0
DA:31,0
DA:32,0
DA:33,0
DA:34,1
DA:35,1
DA:36,1
DA:37,1
DA:38,1
DA:39,1
DA:40,1
DA:41,1
DA:42,0
DA:43,0
DA:44,0
DA:45,0
DA:46,0
DA:47,1
DA:48,1
DA:49,1
LF:49
LH:31
BRDA:36,0,0,1
BRDA:42,1,0,0
BRF:2
BRH:1
end_of_record
TN:
SF:config\database.ts
FNF:0
FNH:0
DA:1,1
DA:2,1
DA:3,1
DA:4,1
DA:5,1
DA:6,1
DA:7,1
DA:8,1
DA:9,1
DA:10,1
DA:11,1
DA:12,1
DA:13,1
DA:14,1
DA:15,1
DA:16,1
DA:17,1
DA:18,1
LF:18
LH:18
BRF:0
BRH:0
end_of_record
TN:
SF:src\DAO\Chat\chatDao.ts
FN:4,<instance_members_initializer>
FN:7,ChatDao
FN:17,send
FN:29,getAllChat
FN:64,getOneChat
FNF:5
FNH:5
FNDA:1,<instance_members_initializer>
FNDA:1,ChatDao
FNDA:1,send
FNDA:1,getAllChat
FNDA:1,getOneChat
DA:1,1
DA:2,1
DA:3,1
DA:4,1
DA:5,1
DA:6,1
DA:7,1
DA:8,1
DA:9,1
DA:10,1
DA:11,1
DA:12,1
DA:13,1
DA:14,1
DA:15,1
DA:16,1
DA:17,1
DA:18,1
DA:19,1
DA:20,1
DA:21,1
DA:22,1
DA:23,1
DA:24,1
DA:25,1
DA:26,1
DA:27,1
DA:28,1
DA:29,1
DA:30,1
DA:31,1
DA:32,1
DA:33,1
DA:34,1
DA:35,1
DA:36,1
DA:37,1
DA:38,1
DA:39,1
DA:40,1
DA:41,1
DA:42,1
DA:43,1
DA:44,1
DA:45,1
DA:46,1
DA:47,1
DA:48,1
DA:49,1
DA:50,1
DA:51,1
DA:52,1
DA:53,1
DA:54,1
DA:55,1
DA:56,1
DA:57,1
DA:58,1
DA:59,1
DA:60,1
DA:61,1
DA:62,1
DA:63,1
DA:64,1
DA:65,1
DA:66,1
DA:67,1
DA:68,1
DA:69,1
DA:70,1
DA:71,1
DA:72,1
DA:73,1
DA:74,1
DA:75,1
DA:76,1
DA:77,1
DA:78,1
DA:79,1
DA:80,1
DA:81,1
DA:82,1
DA:83,1
DA:84,1
DA:85,1
DA:86,1
LF:86
LH:86
BRDA:4,0,0,1
BRDA:7,1,0,1
BRDA:17,2,0,1
BRDA:29,3,0,1
BRDA:64,4,0,1
BRF:5
BRH:5
end_of_record
TN:
SF:src\DAO\auth\UserAuth.ts
FN:15,<static_initializer>
FN:20,getLoginMethod
FN:26,allowsField
FN:37,createToken
FN:43,signup
FN:53,login
FN:63,forgotPassword
FN:77,resetPassword
FN:103,updateMe
FN:110,showMe
FN:115,isLogin
FN:119,deleteMe
FNF:12
FNH:11
FNDA:2,<static_initializer>
FNDA:7,getLoginMethod
FNDA:2,allowsField
FNDA:5,createToken
FNDA:4,signup
FNDA:3,login
FNDA:2,forgotPassword
FNDA:2,resetPassword
FNDA:2,updateMe
FNDA:0,showMe
FNDA:2,isLogin
FNDA:1,deleteMe
DA:1,1
DA:2,1
DA:3,1
DA:4,1
DA:5,1
DA:6,1
DA:7,1
DA:8,1
DA:9,1
DA:10,1
DA:11,1
DA:12,1
DA:13,1
DA:14,1
DA:15,1
DA:16,2
DA:17,2
DA:18,2
DA:19,1
DA:20,1
DA:21,7
DA:22,7
DA:23,7
DA:24,7
DA:25,1
DA:26,1
DA:27,2
DA:28,2
DA:29,2
DA:30,2
DA:31,2
DA:32,4
DA:33,4
DA:34,2
DA:35,2
DA:36,1
DA:37,1
DA:38,5
DA:39,5
DA:40,5
DA:41,5
DA:42,1
DA:43,1
DA:44,4
DA:45,4
DA:46,4
DA:47,4
DA:48,4
DA:49,3
DA:50,3
DA:51,3
DA:52,1
DA:53,1
DA:54,3
DA:55,3
DA:56,3
DA:57,3
DA:58,3
DA:59,1
DA:60,1
DA:61,1
DA:62,1
DA:63,1
DA:64,2
DA:65,2
DA:66,1
DA:67,1
DA:68,1
DA:69,1
DA:70,1
DA:71,1
DA:72,1
DA:73,1
DA:74,1
DA:75,1
DA:76,1
DA:77,1
DA:78,2
DA:79,2
DA:80,2
DA:81,2
DA:82,2
DA:83,2
DA:84,2
DA:85,2
DA:86,2
DA:87,2
DA:88,2
DA:89,2
DA:90,2
DA:91,2
DA:92,2
DA:93,2
DA:94,2
DA:95,2
DA:96,1
DA:97,1
DA:98,1
DA:99,1
DA:100,1
DA:101,1
DA:102,1
DA:103,1
DA:104,2
DA:105,2
DA:106,2
DA:107,2
DA:108,2
DA:109,1
DA:110,1
DA:111,0
DA:112,0
DA:113,0
DA:114,1
DA:115,1
DA:116,2
DA:117,1
DA:118,1
DA:119,1
DA:120,1
DA:121,1
DA:122,1
DA:123,1
DA:124,1
DA:125,1
LF:125
LH:122
BRDA:15,0,0,2
BRDA:20,1,0,7
BRDA:22,2,0,0
BRDA:26,3,0,2
BRDA:31,4,0,4
BRDA:37,5,0,5
BRDA:43,6,0,4
BRDA:49,7,0,3
BRDA:53,8,0,3
BRDA:59,9,0,1
BRDA:63,10,0,2
BRDA:65,11,0,1
BRDA:77,12,0,2
BRDA:95,13,0,1
BRDA:103,14,0,2
BRDA:115,15,0,2
BRDA:117,16,0,1
BRDA:119,17,0,1
BRF:18
BRH:17
end_of_record
TN:
SF:src\DAO\auth\loginMethodes\normalLogin.ts
FN:7,encryptPassword
FN:12,login
FN:26,signup
FN:33,updatePassword
FNF:4
FNH:4
FNDA:5,encryptPassword
FNDA:3,login
FNDA:4,signup
FNDA:1,updatePassword
DA:1,1
DA:2,1
DA:3,1
DA:4,1
DA:5,1
DA:6,1
DA:7,1
DA:8,5
DA:9,5
DA:10,5
DA:11,1
DA:12,1
DA:13,3
DA:14,3
DA:15,3
DA:16,3
DA:17,3
DA:18,3
DA:19,3
DA:20,3
DA:21,2
DA:22,2
DA:23,1
DA:24,1
DA:25,1
DA:26,1
DA:27,4
DA:28,4
DA:29,4
DA:30,3
DA:31,3
DA:32,1
DA:33,1
DA:34,1
DA:35,1
DA:36,1
DA:37,1
LF:37
LH:37
BRDA:7,0,0,5
BRDA:12,1,0,3
BRDA:20,2,0,2
BRDA:20,3,0,2
BRDA:23,4,0,1
BRDA:26,5,0,4
BRDA:29,6,0,3
BRDA:29,7,0,0
BRDA:30,8,0,3
BRDA:33,9,0,1
BRF:10
BRH:9
end_of_record
TN:
SF:src\DAO\auth\loginMethodes\TherdPartyAllow\Google.ts
FN:6,getAccessToken
FN:21,getUserInfo
FNF:2
FNH:0
FNDA:0,getAccessToken
FNDA:0,getUserInfo
DA:1,1
DA:2,1
DA:3,1
DA:4,1
DA:5,1
DA:6,1
DA:7,0
DA:8,0
DA:9,0
DA:10,0
DA:11,0
DA:12,0
DA:13,0
DA:14,0
DA:15,0
DA:16,0
DA:17,0
DA:18,0
DA:19,0
DA:20,1
DA:21,1
DA:22,0
DA:23,0
DA:24,0
DA:25,0
DA:26,0
DA:27,0
DA:28,0
DA:29,0
DA:30,0
DA:31,0
DA:32,0
DA:33,0
DA:34,0
DA:35,0
DA:36,0
DA:37,1
DA:38,1
DA:39,1
LF:39
LH:11
BRF:0
BRH:0
end_of_record
TN:
SF:src\DAO\auth\loginMethodes\TherdPartyAllow\OAuthProvider.ts
FN:13,signup
FN:29,login
FNF:2
FNH:0
FNDA:0,signup
FNDA:0,login
DA:1,1
DA:2,1
DA:3,1
DA:4,1
DA:5,1
DA:6,1
DA:7,1
DA:8,1
DA:9,1
DA:10,1
DA:11,1
DA:12,1
DA:13,1
DA:14,0
DA:15,0
DA:16,0
DA:17,0
DA:18,0
DA:19,0
DA:20,0
DA:21,0
DA:22,0
DA:23,0
DA:24,0
DA:25,0
DA:26,0
DA:27,1
DA:28,1
DA:29,1
DA:30,0
DA:31,0
DA:32,0
DA:33,0
DA:34,0
DA:35,0
DA:36,0
DA:37,0
DA:38,0
DA:39,0
DA:40,1
DA:41,1
DA:42,1
LF:42
LH:19
BRF:0
BRH:0
end_of_record
TN:
SF:src\controller\authController.ts
FN:21,<instance_members_initializer>
FN:24,AuthController
FN:35,normalSingup
FN:63,normalLogin
FN:88,forgotPassword
FN:104,resetPassword
FN:123,showMe
FN:146,isLogin
FN:165,updateMe
FN:179,deleteMe
FNF:10
FNH:2
FNDA:1,<instance_members_initializer>
FNDA:1,AuthController
FNDA:0,normalSingup
FNDA:0,normalLogin
FNDA:0,forgotPassword
FNDA:0,resetPassword
FNDA:0,showMe
FNDA:0,isLogin
FNDA:0,updateMe
FNDA:0,deleteMe
DA:1,1
DA:2,1
DA:3,1
DA:4,1
DA:5,1
DA:6,1
DA:7,1
DA:8,1
DA:9,1
DA:10,1
DA:11,1
DA:12,1
DA:13,1
DA:14,1
DA:15,1
DA:16,1
DA:17,1
DA:18,1
DA:19,1
DA:20,1
DA:21,1
DA:22,1
DA:23,1
DA:24,1
DA:25,1
DA:26,1
DA:27,1
DA:28,1
DA:29,1
DA:30,1
DA:31,1
DA:32,1
DA:33,1
DA:34,1
DA:35,1
DA:36,0
DA:37,0
DA:38,0
DA:39,0
DA:40,0
DA:41,0
DA:42,0
DA:43,0
DA:44,0
DA:45,0
DA:46,0
DA:47,0
DA:48,0
DA:49,0
DA:50,0
DA:51,0
DA:52,0
DA:53,0
DA:54,1
DA:55,1
DA:56,1
DA:57,1
DA:58,1
DA:59,1
DA:60,1
DA:61,1
DA:62,1
DA:63,1
DA:64,0
DA:65,0
DA:66,0
DA:67,0
DA:68,0
DA:69,0
DA:70,0
DA:71,0
DA:72,0
DA:73,0
DA:74,0
DA:75,0
DA:76,0
DA:77,1
DA:78,1
DA:79,1
DA:80,1
DA:81,1
DA:82,1
DA:83,1
DA:84,1
DA:85,1
DA:86,1
DA:87,1
DA:88,1
DA:89,0
DA:90,0
DA:91,0
DA:92,0
DA:93,1
DA:94,1
DA:95,1
DA:96,1
DA:97,1
DA:98,1
DA:99,1
DA:100,1
DA:101,1
DA:102,1
DA:103,1
DA:104,1
DA:105,0
DA:106,0
DA:107,0
DA:108,0
DA:109,0
DA:110,0
DA:111,0
DA:112,0
DA:113,0
DA:114,0
DA:115,1
DA:116,1
DA:117,1
DA:118,1
DA:119,1
DA:120,1
DA:121,1
DA:122,1
DA:123,1
DA:124,0
DA:125,0
DA:126,0
DA:127,0
DA:128,0
DA:129,0
DA:130,0
DA:131,0
DA:132,0
DA:133,0
DA:134,0
DA:135,0
DA:136,0
DA:137,0
DA:138,1
DA:139,1
DA:140,1
DA:141,1
DA:142,1
DA:143,1
DA:144,1
DA:145,1
DA:146,1
DA:147,0
DA:148,0
DA:149,0
DA:150,0
DA:151,0
DA:152,0
DA:153,0
DA:154,0
DA:155,0
DA:156,0
DA:157,0
DA:158,1
DA:159,1
DA:160,1
DA:161,1
DA:162,1
DA:163,1
DA:164,1
DA:165,1
DA:166,0
DA:167,0
DA:168,0
DA:169,0
DA:170,0
DA:171,0
DA:172,1
DA:173,1
DA:174,1
DA:175,1
DA:176,1
DA:177,1
DA:178,1
DA:179,1
DA:180,0
DA:181,0
DA:182,0
DA:183,0
DA:184,0
DA:185,0
DA:186,0
DA:187,1
DA:188,1
DA:189,1
DA:190,1
LF:190
LH:107
BRDA:21,0,0,1
BRDA:24,1,0,1
BRF:2
BRH:2
end_of_record
TN:
SF:src\controller\chatController.ts
FN:15,<instance_members_initializer>
FN:17,ChatController
FN:23,sendMessage
FN:45,getAllChats
FN:59,getOneChat
FNF:5
FNH:5
FNDA:1,<instance_members_initializer>
FNDA:1,ChatController
FNDA:6,sendMessage
FNDA:1,getAllChats
FNDA:2,getOneChat
DA:1,1
DA:2,1
DA:3,1
DA:4,1
DA:5,1
DA:6,1
DA:7,1
DA:8,1
DA:9,1
DA:10,1
DA:11,1
DA:12,1
DA:13,1
DA:14,1
DA:15,1
DA:16,1
DA:17,1
DA:18,1
DA:19,1
DA:20,1
DA:21,1
DA:22,1
DA:23,1
DA:24,6
DA:25,6
DA:26,6
DA:27,6
DA:28,6
DA:29,2
DA:30,6
DA:31,1
DA:32,1
DA:33,1
DA:34,1
DA:35,1
DA:36,1
DA:37,1
DA:38,1
DA:39,1
DA:40,1
DA:41,1
DA:42,1
DA:43,1
DA:44,1
DA:45,1
DA:46,1
DA:47,1
DA:48,1
DA:49,0
DA:50,0
DA:51,0
DA:52,1
DA:53,1
DA:54,1
DA:55,1
DA:56,1
DA:57,1
DA:58,1
DA:59,1
DA:60,2
DA:61,2
DA:62,2
DA:63,2
DA:64,1
DA:65,1
DA:66,1
DA:67,1
DA:68,1
DA:69,1
DA:70,1
DA:71,1
DA:72,1
DA:73,1
DA:74,1
DA:75,1
DA:76,1
DA:77,1
DA:78,1
LF:78
LH:75
BRDA:15,0,0,1
BRDA:17,1,0,1
BRDA:23,2,0,6
BRDA:27,3,0,4
BRDA:28,4,0,4
BRDA:29,5,0,2
BRDA:30,6,0,1
BRDA:45,7,0,1
BRDA:49,8,0,0
BRDA:59,9,0,2
BRDA:61,10,0,0
BRDA:63,11,0,1
BRF:12
BRH:10
end_of_record
TN:
SF:src\models\Message.ts
FNF:0
FNH:0
DA:1,1
DA:2,1
DA:3,1
DA:4,1
DA:5,1
DA:6,1
DA:7,1
DA:8,1
DA:9,1
DA:10,1
DA:11,1
DA:12,1
DA:13,1
DA:14,1
DA:15,1
DA:16,1
DA:17,1
DA:18,1
DA:19,1
DA:20,1
DA:21,1
DA:22,1
DA:23,1
DA:24,1
DA:25,1
DA:26,1
DA:27,1
DA:28,1
DA:29,1
DA:30,1
DA:31,1
DA:32,1
DA:33,1
DA:34,1
DA:35,1
DA:36,1
DA:37,1
DA:38,1
DA:39,1
DA:40,1
DA:41,1
DA:42,1
DA:43,1
DA:44,1
DA:45,1
DA:46,1
DA:47,1
DA:48,1
DA:49,1
DA:50,1
DA:51,1
DA:52,1
DA:53,1
DA:54,1
DA:55,1
LF:55
LH:55
BRF:0
BRH:0
end_of_record
TN:
SF:src\models\ResetCode.ts
FNF:0
FNH:0
DA:1,1
DA:2,1
DA:3,1
DA:4,1
DA:5,1
DA:6,1
DA:7,1
DA:8,1
DA:9,1
DA:10,1
DA:11,1
DA:12,1
DA:13,1
DA:14,1
DA:15,1
DA:16,1
DA:17,1
DA:18,1
DA:19,1
DA:20,1
DA:21,1
DA:22,1
DA:23,1
DA:24,1
DA:25,1
DA:26,1
DA:27,1
DA:28,1
DA:29,1
DA:30,1
DA:31,1
DA:32,1
DA:33,1
DA:34,1
DA:35,1
DA:36,1
DA:37,1
LF:37
LH:37
BRF:0
BRH:0
end_of_record
TN:
SF:src\models\User.ts
FNF:0
FNH:0
DA:1,1
DA:2,1
DA:3,1
DA:4,1
DA:5,1
DA:6,1
DA:7,1
DA:8,1
DA:9,1
DA:10,2
DA:11,2
DA:12,2
DA:13,2
DA:14,2
DA:15,2
DA:16,2
DA:17,2
DA:18,1
DA:19,1
DA:20,1
DA:21,1
DA:22,1
DA:23,1
DA:24,1
DA:25,1
DA:26,1
DA:27,1
DA:28,1
DA:29,1
DA:30,1
DA:31,1
DA:32,1
DA:33,1
DA:34,1
DA:35,1
DA:36,1
DA:37,1
DA:38,1
DA:39,1
DA:40,1
DA:41,1
DA:42,1
DA:43,1
DA:44,1
DA:45,1
DA:46,1
DA:47,1
DA:48,1
DA:49,1
DA:50,1
DA:51,1
DA:52,1
DA:53,1
DA:54,1
DA:55,1
DA:56,1
DA:57,1
DA:58,1
DA:59,1
DA:60,1
DA:61,1
DA:62,1
DA:63,1
DA:64,1
DA:65,1
DA:66,1
DA:67,1
DA:68,1
DA:69,1
DA:70,1
DA:71,1
DA:72,1
DA:73,1
DA:74,1
DA:75,1
DA:76,1
DA:77,1
DA:78,1
DA:79,1
LF:79
LH:79
BRDA:10,0,0,2
BRDA:14,1,0,2
BRF:2
BRH:2
end_of_record
TN:
SF:src\routes\authRoute.ts
FNF:0
FNH:0
DA:1,1
DA:2,1
DA:3,1
DA:4,1
DA:5,1
DA:6,1
DA:7,1
DA:8,1
DA:9,1
DA:10,1
DA:11,1
DA:12,1
DA:13,1
DA:14,1
DA:15,1
DA:16,1
DA:17,1
DA:18,1
DA:19,1
DA:20,1
DA:21,1
DA:22,1
DA:23,1
DA:24,1
DA:25,1
DA:26,1
DA:27,1
DA:28,1
DA:29,1
DA:30,1
DA:31,1
DA:32,1
DA:33,1
DA:34,1
DA:35,1
DA:36,1
DA:37,1
DA:38,1
DA:39,1
DA:40,1
DA:41,1
DA:42,1
DA:43,1
DA:44,1
DA:45,1
DA:46,1
DA:47,1
DA:48,1
DA:49,1
DA:50,1
DA:51,1
DA:52,1
DA:53,1
DA:54,1
DA:55,1
DA:56,1
DA:57,1
DA:58,1
DA:59,1
DA:60,1
LF:60
LH:60
BRF:0
BRH:0
end_of_record
TN:
SF:src\routes\chatRoute.ts
FNF:0
FNH:0
DA:1,1
DA:2,1
DA:3,1
DA:4,1
DA:5,1
DA:6,1
DA:7,1
DA:8,1
DA:9,1
DA:10,1
DA:11,1
DA:12,1
DA:13,1
DA:14,1
DA:15,1
DA:16,1
DA:17,1
DA:18,1
DA:19,1
DA:20,1
DA:21,1
DA:22,1
DA:23,1
DA:24,1
DA:25,1
DA:26,1
DA:27,1
DA:28,1
DA:29,1
DA:30,1
DA:31,1
DA:32,1
DA:33,1
DA:34,1
DA:35,1
DA:36,1
DA:37,1
DA:38,1
DA:39,1
DA:40,1
DA:41,1
DA:42,1
DA:43,1
DA:44,1
LF:44
LH:44
BRF:0
BRH:0
end_of_record
TN:
SF:types\types.ts
FNF:0
FNH:0
DA:1,1
DA:2,1
DA:3,1
DA:4,1
DA:5,1
DA:6,1
DA:7,1
DA:8,1
DA:9,1
DA:10,1
DA:11,1
DA:12,1
DA:13,1
DA:14,1
DA:15,1
DA:16,1
DA:17,1
DA:18,1
DA:19,1
DA:20,1
DA:21,1
DA:22,1
DA:23,2
DA:24,2
DA:25,2
DA:26,2
DA:27,1
DA:28,1
DA:29,1
DA:30,1
DA:31,1
LF:31
LH:31
BRDA:23,0,0,2
BRF:1
BRH:1
end_of_record
TN:
SF:utils\AppError.ts
FN:1,<instance_members_initializer>
FN:2,AppError
FNF:2
FNH:2
FNDA:12,<instance_members_initializer>
FNDA:12,AppError
DA:1,12
DA:2,12
DA:3,12
DA:4,12
DA:5,12
LF:5
LH:5
BRDA:1,0,0,12
BRDA:2,1,0,12
BRF:2
BRH:2
end_of_record
TN:
SF:utils\EmailSender.ts
FN:2,EmailSend
FN:10,send
FNF:2
FNH:2
FNDA:1,EmailSend
FNDA:1,send
DA:1,1
DA:2,1
DA:3,1
DA:4,1
DA:5,1
DA:6,1
DA:7,1
DA:8,1
DA:9,1
DA:10,1
DA:11,1
DA:12,1
DA:13,1
LF:13
LH:13
BRDA:2,0,0,1
BRDA:10,1,0,1
BRF:2
BRH:2
end_of_record
TN:
SF:utils\catchErrors.ts
FN:3,catchError
FN:6,getter
FN:10,setter
FNF:3
FNH:1
FNDA:6,catchError
FNDA:0,getter
FNDA:0,setter
DA:1,1
DA:2,1
DA:3,6
DA:4,6
DA:5,6
DA:6,6
DA:7,0
DA:8,6
DA:9,6
DA:10,6
DA:11,0
DA:12,0
DA:13,0
DA:14,0
DA:15,0
DA:16,0
DA:17,0
DA:18,0
DA:19,6
DA:20,6
DA:21,6
DA:22,6
DA:23,6
DA:24,6
DA:25,6
DA:26,6
DA:27,6
DA:28,1
LF:28
LH:19
BRDA:3,0,0,6
BRF:1
BRH:1
end_of_record
TN:
SF:utils\errorHandler.ts
FN:4,errorHandler
FNF:1
FNH:1
FNDA:7,errorHandler
DA:1,1
DA:2,1
DA:3,1
DA:4,1
DA:5,7
DA:6,7
DA:7,7
DA:8,7
DA:9,7
DA:10,7
DA:11,7
DA:12,7
DA:13,0
DA:14,0
DA:15,0
DA:16,7
DA:17,7
DA:18,7
DA:19,7
DA:20,7
DA:21,1
LF:21
LH:18
BRDA:4,0,0,7
BRDA:10,1,0,0
BRDA:11,2,0,0
BRDA:12,3,0,0
BRF:4
BRH:1
end_of_record
TN:
SF:utils\isLogin.ts
FN:13,isLogin
FNF:1
FNH:1
FNDA:10,isLogin
DA:1,1
DA:2,1
DA:3,1
DA:4,1
DA:5,1
DA:6,1
DA:7,1
DA:8,1
DA:9,1
DA:10,1
DA:11,1
DA:12,1
DA:13,1
DA:14,10
DA:15,10
DA:16,10
DA:17,10
DA:18,10
DA:19,10
DA:20,9
DA:21,9
DA:22,10
DA:23,10
DA:24,9
DA:25,9
DA:26,9
DA:27,9
DA:28,9
DA:29,10
DA:30,0
DA:31,0
DA:32,10
DA:33,1
DA:34,1
LF:34
LH:32
BRDA:13,0,0,10
BRDA:19,1,0,1
BRDA:20,2,0,9
BRDA:23,3,0,0
BRDA:24,4,0,9
BRDA:29,5,0,0
BRF:6
BRH:4
end_of_record
TN:
SF:utils\loginCheck.ts
FN:3,loginChick
FNF:1
FNH:1
FNDA:11,loginChick
DA:1,1
DA:2,1
DA:3,1
DA:4,11
DA:5,11
DA:6,11
DA:7,11
DA:8,11
DA:9,10
DA:10,10
DA:11,1
DA:12,1
DA:13,11
DA:14,1
LF:14
LH:14
BRDA:3,0,0,11
BRDA:8,1,0,10
BRDA:10,2,0,1
BRF:3
BRH:3
end_of_record
